2023-03-20T11:43:51.306Z - verbose: Arguments:
2023-03-20T11:43:51.306Z - verbose:   D:\CocosDashboard\resources\.editors\Creator\3.7.0\CocosCreator.exe: true
2023-03-20T11:43:51.306Z - verbose:   project: E:\CocosCreator\git\mario\client
2023-03-20T11:43:51.306Z - verbose:   dev: false
2023-03-20T11:43:51.306Z - verbose:   home: C:\Users\Administrator\.CocosCreator
2023-03-20T11:43:51.306Z - verbose:  
2023-03-20T11:43:56.246Z - verbose: [Package] menu@1.0.0 enable
2023-03-20T11:43:56.249Z - verbose: [Package] profile@1.0.0 enable
2023-03-20T11:43:56.260Z - verbose: [Package] project@1.0.4 enable
2023-03-20T11:43:56.267Z - verbose: [Package] messages@1.0.0 enable
2023-03-20T11:43:56.293Z - verbose: [Package] program@1.0.3 enable
2023-03-20T11:43:56.301Z - verbose: [Package] tester@1.0.0 enable
2023-03-20T11:43:56.320Z - verbose: [Package] information@1.0.0 enable
2023-03-20T11:43:56.327Z - verbose: [Package] preferences@1.0.0 enable
2023-03-20T11:44:05.320Z - log: Load engine in D:\CocosDashboard\resources\.editors\Creator\3.7.0\resources\resources\3d\engine
2023-03-20T11:44:06.342Z - log: Register native engine in D:\CocosDashboard\resources\.editors\Creator\3.7.0\resources\resources\3d\engine\native
2023-03-20T11:44:06.345Z - verbose: [Package] engine@1.0.7 enable
2023-03-20T11:44:08.019Z - verbose: [Package] programming@1.0.0 enable
2023-03-20T11:44:08.093Z - verbose: [Package] device@1.0.1 enable
2023-03-20T11:44:08.163Z - verbose: [Package] ui-kit@1.0.1 enable
2023-03-20T11:44:08.839Z - verbose: [Package] asset-db@1.0.0 enable
2023-03-20T11:44:08.904Z - verbose: [Package] scene@1.0.0 enable
2023-03-20T11:44:09.723Z - verbose: [Package] server@1.0.0 enable
2023-03-20T11:44:09.922Z - verbose: [Package] utils@1.0.0 enable
2023-03-20T11:44:27.950Z - verbose: [Package] preview@1.0.1 enable
2023-03-20T11:44:28.044Z - verbose: [Package] animator@1.0.0 enable
2023-03-20T11:44:29.612Z - verbose: [Build-plugin] register pkg scene: 2ms
2023-03-20T11:44:29.612Z - verbose: Builder PluginManager init: 2ms
2023-03-20T11:44:29.619Z - verbose: [Package] builder@1.3.4 enable
2023-03-20T11:44:29.711Z - verbose: [Package] shortcuts@1.0.1 enable
2023-03-20T11:44:29.794Z - verbose: [Package] animation-graph@1.0.0 enable
2023-03-20T11:44:29.823Z - verbose: [Package] about@1.0.0 enable
2023-03-20T11:44:29.899Z - verbose: [Package] assets@1.0.0 enable
2023-03-20T11:44:29.928Z - verbose: [Package] console@1.0.0 enable
2023-03-20T11:44:30.567Z - verbose: [Package] crash-reporter@1.0.0 enable
2023-03-20T11:44:31.741Z - verbose: [Package] extension@3.1.0 enable
2023-03-20T11:44:31.846Z - verbose: [Package] hierarchy@1.0.0 enable
2023-03-20T11:44:31.880Z - verbose: [Package] inspector@1.0.0 enable
2023-03-20T11:44:31.908Z - verbose: [Package] light-probe@1.0.4 enable
2023-03-20T11:44:31.943Z - verbose: [Package] lightmap@1.0.4 enable
2023-03-20T11:44:31.990Z - verbose: [Package] node-library@1.0.1 enable
2023-03-20T11:44:32.014Z - verbose: [Package] package-asset@1.0.1 enable
2023-03-20T11:44:32.049Z - verbose: [Package] process@1.0.0 enable
2023-03-20T11:44:35.492Z - verbose: [Package] cocos-service@3.0.6 enable
2023-03-20T11:44:35.586Z - verbose: [Build-plugin] register pkg cocos-service: 63ms
2023-03-20T11:44:35.595Z - verbose: [Package] reference-image@1.0.0 enable
2023-03-20T11:44:35.640Z - verbose: [Package] reflection-probe@1.0.4 enable
2023-03-20T11:44:35.668Z - verbose: [Package] engine-extends@1.0.0 enable
2023-03-20T11:44:35.691Z - verbose: [Package] alipay-mini-game@1.0.1 enable
2023-03-20T11:44:35.756Z - verbose: [Package] android@1.0.1 enable
2023-03-20T11:44:35.962Z - verbose: [Package] bytedance-mini-game@1.0.2 enable
2023-03-20T11:44:35.995Z - verbose: [Package] certificate@1.0.0 enable
2023-03-20T11:44:36.019Z - verbose: [Package] channel-upload-tools@1.0.0 enable
2023-03-20T11:44:36.042Z - verbose: [Package] fb-instant-games@1.0.0 enable
2023-03-20T11:44:36.089Z - verbose: [Package] huawei-agc@1.0.0 enable
2023-03-20T11:44:36.115Z - verbose: [Package] huawei-quick-game@1.0.1 enable
2023-03-20T11:44:36.169Z - verbose: [Package] ios@1.0.0 enable
2023-03-20T11:44:36.177Z - verbose: [Build-plugin] register pkg android: 421ms
2023-03-20T11:44:36.193Z - verbose: [Package] linux@1.0.0 enable
2023-03-20T11:44:36.220Z - verbose: [Package] mac@1.0.0 enable
2023-03-20T11:44:36.254Z - verbose: [Build-plugin] register pkg bytedance-mini-game: 292ms
2023-03-20T11:44:36.394Z - verbose: [Package] native@1.0.2 enable
2023-03-20T11:44:36.450Z - verbose: [Build-plugin] register pkg native: 56ms
2023-03-20T11:44:36.456Z - verbose: [Package] ohos@1.0.0 enable
2023-03-20T11:44:36.480Z - verbose: [Package] open-harmonyos@1.0.0 enable
2023-03-20T11:44:36.503Z - verbose: [Package] oppo-mini-game@1.0.1 enable
2023-03-20T11:44:36.521Z - verbose: [Build-plugin] register pkg fb-instant-games: 479ms
2023-03-20T11:44:36.523Z - verbose: [Build-plugin] register pkg huawei-quick-game: 408ms
2023-03-20T11:44:36.526Z - verbose: [Build-plugin] register pkg huawei-agc: 437ms
2023-03-20T11:44:36.528Z - verbose: [Package] runtime-dev-tools@1.0.0 enable
2023-03-20T11:44:36.550Z - verbose: [Package] taobao-creative-app@1.0.0 enable
2023-03-20T11:44:36.567Z - verbose: [Build-plugin] register pkg ios: 398ms
2023-03-20T11:44:36.607Z - verbose: [Package] vivo-mini-game@1.0.1 enable
2023-03-20T11:44:36.615Z - verbose: [Build-plugin] register pkg mac: 395ms
2023-03-20T11:44:36.708Z - verbose: [Package] web-desktop@1.0.1 enable
2023-03-20T11:44:36.714Z - verbose: [Build-plugin] register pkg ohos: 258ms
2023-03-20T11:44:36.741Z - verbose: [Package] web-mobile@1.0.1 enable
2023-03-20T11:44:36.774Z - verbose: [Package] wechatgame@1.0.2 enable
2023-03-20T11:44:36.800Z - verbose: [Package] windows@1.0.1 enable
2023-03-20T11:44:36.809Z - verbose: [Build-plugin] register pkg taobao-creative-app: 259ms
2023-03-20T11:44:36.818Z - verbose: [Build-plugin] register pkg vivo-mini-game: 211ms
2023-03-20T11:44:36.824Z - verbose: [Package] xiaomi-quick-game@1.0.1 enable
2023-03-20T11:44:38.816Z - verbose: [Package] im-plugin@3.0.10 enable
2023-03-20T11:44:38.844Z - verbose: [Package] placeholder@1.0.0 enable
2023-03-20T11:44:38.873Z - verbose: [Build-plugin] register pkg web-desktop: 2164ms
2023-03-20T11:44:38.875Z - verbose: [Build-plugin] register pkg oppo-mini-game: 2372ms
2023-03-20T11:44:38.926Z - verbose: [Build-plugin] register pkg windows: 2126ms
2023-03-20T11:44:38.938Z - verbose: [Build-plugin] register pkg web-mobile: 2196ms
2023-03-20T11:44:38.966Z - verbose: [Build-plugin] register pkg xiaomi-quick-game: 2141ms
2023-03-20T11:44:39.049Z - verbose: [Build-plugin] register pkg wechatgame: 2275ms
2023-03-20T11:44:42.253Z - verbose: asset-db is ready!
2023-03-20T11:44:46.393Z - info: [Scene] [Physics][Bullet]: Using asmjs Bullet libs.
2023-03-20T11:44:46.405Z - info: [Scene] [PHYSICS]: using builtin.
2023-03-20T11:44:46.758Z - log: [Scene] Cocos Creator v3.7.0
2023-03-20T11:44:46.758Z - info: [Scene] Forward render pipeline initialized.
2023-03-20T11:44:48.377Z - info: [Scene] [PHYSICS2D]: switch from builtin to box2d.
2023-03-20T14:26:19.833Z - warn: Metrics: no valid info
