2022-12-20T11:48:42.762Z - log: [Package] menu@1.0.0 enable
2022-12-20T11:48:42.765Z - log: [Package] profile@1.0.0 enable
2022-12-20T11:48:42.774Z - log: [Package] project@1.0.2 enable
2022-12-20T11:48:42.779Z - log: [Package] messages@1.0.0 enable
2022-12-20T11:48:42.783Z - log: [Package] program@1.0.0 enable
2022-12-20T11:48:42.791Z - log: [Package] tester@1.0.0 enable
2022-12-20T11:48:42.796Z - log: [Package] preferences@1.0.0 enable
2022-12-20T11:48:51.055Z - log: [Package] engine@1.0.6 enable
2022-12-20T11:48:52.339Z - log: [Package] programming@1.0.0 enable
2022-12-20T11:48:52.759Z - warn: 
2022-12-20T11:48:52.839Z - warn: 
2022-12-20T11:48:53.002Z - log: [Package] device@1.0.1 enable
2022-12-20T11:48:53.029Z - log: [Package] ui-kit@1.0.1 enable
2022-12-20T11:48:53.064Z - log: [Package] engine-extends@1.0.0 enable
2022-12-20T11:48:53.184Z - log: [Package] asset-db@1.0.0 enable
2022-12-20T11:48:53.184Z - warn: 
2022-12-20T11:48:53.258Z - log: [Package] scene@1.0.0 enable
2022-12-20T11:48:54.014Z - log: [Package] server@1.0.0 enable
2022-12-20T11:48:54.121Z - log: [Package] utils@1.0.0 enable
2022-12-20T11:48:56.000Z - warn: Browserslist: caniuse-lite is outdated. Please run:
npx browserslist@latest --update-db

Why you should do it regularly:
https://github.com/browserslist/browserslist#browsers-data-updating
2022-12-20T11:49:00.563Z - warn: 
2022-12-20T11:49:00.563Z - warn: 
2022-12-20T11:49:00.564Z - warn: 
2022-12-20T11:49:00.638Z - warn: 
2022-12-20T11:49:00.638Z - warn: 
2022-12-20T11:49:00.639Z - warn: 
2022-12-20T11:49:00.677Z - warn: 
2022-12-20T11:49:00.677Z - warn: 
2022-12-20T11:49:00.677Z - warn: 
2022-12-20T11:49:03.806Z - warn: 
2022-12-20T11:49:03.945Z - log: [Package] preview@1.0.1 enable
2022-12-20T11:49:03.990Z - log: [Package] animator@1.0.0 enable
2022-12-20T11:49:04.086Z - log: pluginManager init: 0.139ms
2022-12-20T11:49:05.411Z - log: [Package] builder@1.3.3 enable
2022-12-20T11:49:05.504Z - log: [Package] shortcuts@1.0.1 enable
2022-12-20T11:49:05.554Z - log: [Package] animation-graph@1.0.0 enable
2022-12-20T11:49:05.596Z - log: [Package] about@1.0.0 enable
2022-12-20T11:49:05.654Z - log: [Package] assets@1.0.0 enable
2022-12-20T11:49:05.711Z - log: [Package] console@1.0.0 enable
2022-12-20T11:49:06.497Z - log: [Package] extension@3.0.16 enable
2022-12-20T11:49:06.527Z - log: [Package] hierarchy@1.0.0 enable
2022-12-20T11:49:06.557Z - log: [Package] inspector@1.0.0 enable
2022-12-20T11:49:06.587Z - log: [Package] lightmap@1.0.4 enable
2022-12-20T11:49:08.558Z - log: [Package] localization-editor@1.0.0 enable
2022-12-20T11:49:08.580Z - log: [Build-plugin] register pkg localization-editor: 18.662ms
2022-12-20T11:49:08.645Z - log: [Package] node-library@1.0.1 enable
2022-12-20T11:49:08.668Z - log: [Package] package-asset@1.0.0 enable
2022-12-20T11:49:08.695Z - log: [Package] process@1.0.0 enable
2022-12-20T11:49:08.726Z - log: [Package] reference-image@1.0.0 enable
2022-12-20T11:49:08.748Z - log: [Package] alipay-mini-game@1.0.1 enable
2022-12-20T11:49:08.775Z - log: [Build-plugin] register pkg alipay-mini-game: 27.263ms
2022-12-20T11:49:08.797Z - log: [Package] android@1.0.1 enable
2022-12-20T11:49:08.804Z - log: [Build-plugin] register pkg android: 6.6ms
2022-12-20T11:49:08.827Z - log: [Package] baidu-mini-game@1.0.1 enable
2022-12-20T11:49:08.831Z - log: [Build-plugin] register pkg baidu-mini-game: 4.015ms
2022-12-20T11:49:09.057Z - log: [Package] bytedance-mini-game@1.0.2 enable
2022-12-20T11:49:09.060Z - log: [Build-plugin] register pkg bytedance-mini-game: 2.729ms
2022-12-20T11:49:09.082Z - log: [Package] certificate@1.0.0 enable
2022-12-20T11:49:09.125Z - log: [Package] channel-upload-tools@1.0.0 enable
2022-12-20T11:49:09.147Z - log: [Package] cocos-play@1.0.1 enable
2022-12-20T11:49:09.152Z - log: [Build-plugin] register pkg cocos-play: 4.735ms
2022-12-20T11:49:09.175Z - log: [Package] huawei-agc@1.0.0 enable
2022-12-20T11:49:09.179Z - log: [Build-plugin] register pkg huawei-agc: 4.279ms
2022-12-20T11:49:09.230Z - log: [Package] huawei-quick-game@1.0.1 enable
2022-12-20T11:49:09.234Z - log: [Build-plugin] register pkg huawei-quick-game: 4.111ms
2022-12-20T11:49:09.259Z - log: [Package] ios@1.0.0 enable
2022-12-20T11:49:09.263Z - log: [Build-plugin] register pkg ios: 3.733ms
2022-12-20T11:49:09.285Z - log: [Package] linux@1.0.0 enable
2022-12-20T11:49:09.286Z - log: [Build-plugin] register pkg linux: 0.956ms
2022-12-20T11:49:09.308Z - log: [Package] mac@1.0.0 enable
2022-12-20T11:49:09.313Z - log: [Build-plugin] register pkg mac: 4.561ms
2022-12-20T11:49:10.254Z - log: [Package] native@1.0.2 enable
2022-12-20T11:49:10.258Z - log: [Build-plugin] register pkg native: 3.537ms
2022-12-20T11:49:10.260Z - warn: 
2022-12-20T11:49:10.260Z - warn: 
2022-12-20T11:49:10.261Z - warn: 
2022-12-20T11:49:10.317Z - log: [Package] ohos@1.0.0 enable
2022-12-20T11:49:10.321Z - log: [Build-plugin] register pkg ohos: 3.744ms
2022-12-20T11:49:10.343Z - log: [Package] open-harmonyos@1.0.0 enable
2022-12-20T11:49:10.346Z - log: [Build-plugin] register pkg open-harmonyos: 2.72ms
2022-12-20T11:49:10.401Z - log: [Package] oppo-mini-game@1.0.1 enable
2022-12-20T11:49:10.405Z - log: [Build-plugin] register pkg oppo-mini-game: 3.998ms
2022-12-20T11:49:10.426Z - log: [Package] runtime-dev-tools@1.0.0 enable
2022-12-20T11:49:10.469Z - log: [Package] vivo-mini-game@1.0.1 enable
2022-12-20T11:49:10.473Z - log: [Build-plugin] register pkg vivo-mini-game: 3.992ms
2022-12-20T11:49:10.565Z - log: [Package] web-desktop@1.0.1 enable
2022-12-20T11:49:10.569Z - log: [Build-plugin] register pkg web-desktop: 3.389ms
2022-12-20T11:49:10.599Z - log: [Package] web-mobile@1.0.1 enable
2022-12-20T11:49:10.603Z - log: [Build-plugin] register pkg web-mobile: 3.464ms
2022-12-20T11:49:10.631Z - log: [Package] wechatgame@1.0.2 enable
2022-12-20T11:49:10.636Z - log: [Build-plugin] register pkg wechatgame: 4.176ms
2022-12-20T11:49:10.658Z - log: [Package] windows@1.0.1 enable
2022-12-20T11:49:10.662Z - log: [Build-plugin] register pkg windows: 3.38ms
2022-12-20T11:49:10.684Z - log: [Package] xiaomi-quick-game@1.0.1 enable
2022-12-20T11:49:10.688Z - log: [Build-plugin] register pkg xiaomi-quick-game: 4.11ms
2022-12-20T11:49:11.191Z - log: [Package] cocos-service@3.0.4 enable
2022-12-20T11:49:11.196Z - log: [Build-plugin] register pkg cocos-service: 2.318ms
2022-12-20T11:49:11.300Z - log: [Package] importer@1.0.0 enable
2022-12-20T11:49:12.718Z - log: [Im-plugin] Check im-plugin version.
2022-12-20T11:49:12.724Z - log: [Package] im-plugin@3.0.9 enable
2022-12-20T11:49:14.008Z - log: [Im-plugin] Im-plugin online version is 1.0.0.
2022-12-20T11:49:14.008Z - log: [Im-plugin] Im-plugin local version is 3.0.9.
2022-12-20T11:49:14.008Z - log: [Im-plugin] Im-plugin need not update.
2022-12-20T11:49:17.243Z - log: [Scene] Please specifiy a default value for "cc.EditorExtendable.__editorExtras__" property at its declaration:

 
// Before:
@property(...)
myProp;
// After:
@property(...)
myProp = 0;
2022-12-20T11:49:17.267Z - log: [Scene] Please specifiy a default value for "CCPropertyOverrideInfo.value" property at its declaration:

 
// Before:
@property(...)
myProp;
// After:
@property(...)
myProp = 0;
2022-12-20T11:49:17.268Z - log: [Scene] Please specifiy a default value for "cc.PrefabInfo.asset" property at its declaration:

 
// Before:
@property(...)
myProp;
// After:
@property(...)
myProp = 0;
2022-12-20T11:49:17.269Z - log: [Scene] Please specifiy a default value for "cc.PrefabInfo.nestedPrefabInstanceRoots" property at its declaration:

 
// Before:
@property(...)
myProp;
// After:
@property(...)
myProp = 0;
2022-12-20T11:49:17.273Z - log: [Scene] The 'default' attribute of 'ColorDesc.beginAccesses' must be an array
2022-12-20T11:49:17.273Z - log: [Scene] The 'default' attribute of 'ColorDesc.endAccesses' must be an array
2022-12-20T11:49:17.289Z - log: [Scene] Please specifiy a default value for "cc.animation.TrackBinding.proxy" property at its declaration:

 
// Before:
@property(...)
myProp;
// After:
@property(...)
myProp = 0;
2022-12-20T11:49:17.289Z - log: [Scene] Please specifiy a default value for "cc.animation.Channel._curve" property at its declaration:

 
// Before:
@property(...)
myProp;
// After:
@property(...)
myProp = 0;
2022-12-20T11:49:17.289Z - log: [Scene] Please specifiy a default value for "cc.animation.SingleChannelTrack._channel" property at its declaration:

 
// Before:
@property(...)
myProp;
// After:
@property(...)
myProp = 0;
2022-12-20T11:49:17.290Z - log: [Scene] Please specifiy a default value for "cc.animation.VectorTrack._channels" property at its declaration:

 
// Before:
@property(...)
myProp;
// After:
@property(...)
myProp = 0;
2022-12-20T11:49:17.291Z - log: [Scene] Please specifiy a default value for "cc.animation.ColorTrack._channels" property at its declaration:

 
// Before:
@property(...)
myProp;
// After:
@property(...)
myProp = 0;
2022-12-20T11:49:17.291Z - log: [Scene] Please specifiy a default value for "cc.animation.SizeTrack._channels" property at its declaration:

 
// Before:
@property(...)
myProp;
// After:
@property(...)
myProp = 0;
2022-12-20T11:49:17.291Z - log: [Scene] Please specifiy a default value for "cc.animation.Transition.from" property at its declaration:

 
// Before:
@property(...)
myProp;
// After:
@property(...)
myProp = 0;
2022-12-20T11:49:17.291Z - log: [Scene] Please specifiy a default value for "cc.animation.Transition.to" property at its declaration:

 
// Before:
@property(...)
myProp;
// After:
@property(...)
myProp = 0;
2022-12-20T11:49:17.292Z - log: [Scene] Please specifiy a default value for "cc.animation.StateMachine._entryState" property at its declaration:

 
// Before:
@property(...)
myProp;
// After:
@property(...)
myProp = 0;
2022-12-20T11:49:17.292Z - log: [Scene] Please specifiy a default value for "cc.animation.StateMachine._exitState" property at its declaration:

 
// Before:
@property(...)
myProp;
// After:
@property(...)
myProp = 0;
2022-12-20T11:49:17.292Z - log: [Scene] Please specifiy a default value for "cc.animation.StateMachine._anyState" property at its declaration:

 
// Before:
@property(...)
myProp;
// After:
@property(...)
myProp = 0;
2022-12-20T11:49:17.292Z - log: [Scene] Please specifiy a default value for "cc.animation.Layer._stateMachine" property at its declaration:

 
// Before:
@property(...)
myProp;
// After:
@property(...)
myProp = 0;
2022-12-20T11:49:17.293Z - log: [Scene] Please specifiy a default value for "cc.animation.ExoticVectorLikeTrackValues._values" property at its declaration:

 
// Before:
@property(...)
myProp;
// After:
@property(...)
myProp = 0;
2022-12-20T11:49:17.293Z - log: [Scene] Please specifiy a default value for "cc.animation.ExoticVectorLikeTrackValues._isQuantized" property at its declaration:

 
// Before:
@property(...)
myProp;
// After:
@property(...)
myProp = 0;
2022-12-20T11:49:17.293Z - log: [Scene] Please specifiy a default value for "cc.animation.ExoticTrack.times" property at its declaration:

 
// Before:
@property(...)
myProp;
// After:
@property(...)
myProp = 0;
2022-12-20T11:49:17.294Z - log: [Scene] Please specifiy a default value for "cc.animation.ExoticTrack.values" property at its declaration:

 
// Before:
@property(...)
myProp;
// After:
@property(...)
myProp = 0;
2022-12-20T11:49:17.294Z - log: [Scene] Please specifiy a default value for "cc.animation.QuantizedFloatArray.originalPrecision" property at its declaration:

 
// Before:
@property(...)
myProp;
// After:
@property(...)
myProp = 0;
2022-12-20T11:49:17.294Z - log: [Scene] Please specifiy a default value for "cc.animation.QuantizedFloatArray.min" property at its declaration:

 
// Before:
@property(...)
myProp;
// After:
@property(...)
myProp = 0;
2022-12-20T11:49:17.294Z - log: [Scene] Please specifiy a default value for "cc.animation.QuantizedFloatArray.extent" property at its declaration:

 
// Before:
@property(...)
myProp;
// After:
@property(...)
myProp = 0;
2022-12-20T11:49:17.294Z - log: [Scene] Please specifiy a default value for "cc.animation.QuantizedFloatArray.values" property at its declaration:

 
// Before:
@property(...)
myProp;
// After:
@property(...)
myProp = 0;
2022-12-20T11:49:17.336Z - log: [Scene] 'cc.ParticleSystem2D.color' hides inherited property 'cc.UIRenderer.color'. To make the current property override that implementation, add the `override: true` attribute please.
2022-12-20T11:49:17.382Z - log: [Scene] No needs to indicate the 'cc.Boolean' attribute for "cc.Terrain._receiveShadow", which its default value is type of Boolean.
2022-12-20T11:49:17.382Z - log: [Scene] No needs to indicate the 'cc.Boolean' attribute for "cc.Terrain._useNormalmap", which its default value is type of Boolean.
2022-12-20T11:49:17.382Z - log: [Scene] No needs to indicate the 'cc.Boolean' attribute for "cc.Terrain._usePBR", which its default value is type of Boolean.
2022-12-20T11:49:17.382Z - log: [Scene] No needs to indicate the 'cc.Boolean' attribute for "cc.Terrain._lodEnable", which its default value is type of Boolean.
2022-12-20T11:49:17.499Z - info: [Scene] [Physics][Bullet]: Using asmjs Bullet libs.
2022-12-20T11:49:17.512Z - info: [Scene] [PHYSICS]: using builtin.
2022-12-20T11:49:18.055Z - log: [Scene] Cocos Creator v3.6.0
2022-12-20T11:49:18.055Z - info: [Scene] Forward render pipeline initialized.
2022-12-20T11:49:20.591Z - info: [Scene] [PHYSICS]: switch from builtin to bullet.
2022-12-20T11:56:45.962Z - warn: [Scene] current edit clip: 'cca918e9-7eeb-490c-8dfd-719e47d663f2' but you want to operate: '40bfba7c-e36f-480e-b151-916b99b704f4Error: [Scene] current edit clip: 'cca918e9-7eeb-490c-8dfd-719e47d663f2' but you want to operate: '40bfba7c-e36f-480e-b151-916b99b704f4
    at AnimationManager.getPropValueAtFrame (D:\CocosDashboard\resources\.editors\Creator\3.6.0\resources\app.asar\builtin\scene\dist\script\3d\manager\animation\index.ccc:1:13946)
    at AnimationSceneFacade.queryAnimationPropValueAtFrame (D:\CocosDashboard\resources\.editors\Creator\3.6.0\resources\app.asar\builtin\scene\dist\script\3d\facade\animation-scene-facade.ccc:1:2306)
    at SceneFacadeManager.queryAnimationPropValueAtFrame (D:\CocosDashboard\resources\.editors\Creator\3.6.0\resources\app.asar\builtin\scene\dist\script\3d\facade\scene-facade-manager.ccc:1:20779)
    at step (D:\CocosDashboard\resources\.editors\Creator\3.6.0\resources\app.asar\builtin\scene\dist\script\3d\manager\ipc\web\ipc.ccc:1:720)
    at D:\CocosDashboard\resources\.editors\Creator\3.6.0\resources\app.asar\builtin\scene\dist\script\3d\manager\ipc\web\ipc.ccc:1:1613
    at new Promise (<anonymous>)
    at D:\CocosDashboard\resources\.editors\Creator\3.6.0\resources\app.asar\builtin\scene\dist\script\3d\manager\ipc\web\ipc.ccc:1:1550
2022-12-20T12:14:57.856Z - log: [Scene] Animation node(8bafnf2nlIdZ+/F1Pvueau)doesn't exist
2022-12-20T12:14:59.728Z - log: [Scene] Animation node(d8N7QvfV9LcZoiidXpCDps)doesn't exist
2022-12-20T12:15:02.115Z - log: [Scene] Animation node(e1nox6KSdB6K3za+xsuKzI)doesn't exist
2022-12-20T12:15:50.047Z - log: [Scene] Animation node(adIQ4k59tDkr9/o8F26DYu)doesn't exist
2022-12-20T12:15:51.615Z - log: [Scene] Animation node(137vYLo3lAhKdAMynwCN0v)doesn't exist
2022-12-20T12:35:42.463Z - warn: [Scene] Can not remove the animation clip being edited in the animation editing modeError: [Scene] Can not remove the animation clip being edited in the animation editing mode
    at AnimationSceneFacade.setNodeProperty (D:\CocosDashboard\resources\.editors\Creator\3.6.0\resources\app.asar\builtin\scene\dist\script\3d\facade\animation-scene-facade.ccc:1:3664)
    at SceneFacadeManager.setNodeProperty (D:\CocosDashboard\resources\.editors\Creator\3.6.0\resources\app.asar\builtin\scene\dist\script\3d\facade\scene-facade-manager.ccc:1:9336)
    at step (D:\CocosDashboard\resources\.editors\Creator\3.6.0\resources\app.asar\builtin\scene\dist\script\3d\manager\ipc\web\ipc.ccc:1:720)
    at D:\CocosDashboard\resources\.editors\Creator\3.6.0\resources\app.asar\builtin\scene\dist\script\3d\manager\ipc\web\ipc.ccc:1:1613
    at new Promise (<anonymous>)
    at D:\CocosDashboard\resources\.editors\Creator\3.6.0\resources\app.asar\builtin\scene\dist\script\3d\manager\ipc\web\ipc.ccc:1:1550
    at EventEmitter.<anonymous> (D:\CocosDashboard\resources\.editors\Creator\3.6.0\resources\app.asar\builtin\scene\dist\script\3d\manager\ipc\web\webview.ccc:1:1059)
2022-12-20T12:35:46.845Z - warn: [Scene] Can not remove the animation clip being edited in the animation editing modeError: [Scene] Can not remove the animation clip being edited in the animation editing mode
    at AnimationSceneFacade.setNodeProperty (D:\CocosDashboard\resources\.editors\Creator\3.6.0\resources\app.asar\builtin\scene\dist\script\3d\facade\animation-scene-facade.ccc:1:3664)
    at SceneFacadeManager.setNodeProperty (D:\CocosDashboard\resources\.editors\Creator\3.6.0\resources\app.asar\builtin\scene\dist\script\3d\facade\scene-facade-manager.ccc:1:9336)
    at step (D:\CocosDashboard\resources\.editors\Creator\3.6.0\resources\app.asar\builtin\scene\dist\script\3d\manager\ipc\web\ipc.ccc:1:720)
    at D:\CocosDashboard\resources\.editors\Creator\3.6.0\resources\app.asar\builtin\scene\dist\script\3d\manager\ipc\web\ipc.ccc:1:1613
    at new Promise (<anonymous>)
    at D:\CocosDashboard\resources\.editors\Creator\3.6.0\resources\app.asar\builtin\scene\dist\script\3d\manager\ipc\web\ipc.ccc:1:1550
    at EventEmitter.<anonymous> (D:\CocosDashboard\resources\.editors\Creator\3.6.0\resources\app.asar\builtin\scene\dist\script\3d\manager\ipc\web\webview.ccc:1:1059)
2022-12-20T12:35:49.142Z - warn: [Scene] Can not remove the animation clip being edited in the animation editing modeError: [Scene] Can not remove the animation clip being edited in the animation editing mode
    at AnimationSceneFacade.setNodeProperty (D:\CocosDashboard\resources\.editors\Creator\3.6.0\resources\app.asar\builtin\scene\dist\script\3d\facade\animation-scene-facade.ccc:1:3664)
    at SceneFacadeManager.setNodeProperty (D:\CocosDashboard\resources\.editors\Creator\3.6.0\resources\app.asar\builtin\scene\dist\script\3d\facade\scene-facade-manager.ccc:1:9336)
    at step (D:\CocosDashboard\resources\.editors\Creator\3.6.0\resources\app.asar\builtin\scene\dist\script\3d\manager\ipc\web\ipc.ccc:1:720)
    at D:\CocosDashboard\resources\.editors\Creator\3.6.0\resources\app.asar\builtin\scene\dist\script\3d\manager\ipc\web\ipc.ccc:1:1613
    at new Promise (<anonymous>)
    at D:\CocosDashboard\resources\.editors\Creator\3.6.0\resources\app.asar\builtin\scene\dist\script\3d\manager\ipc\web\ipc.ccc:1:1550
    at EventEmitter.<anonymous> (D:\CocosDashboard\resources\.editors\Creator\3.6.0\resources\app.asar\builtin\scene\dist\script\3d\manager\ipc\web\webview.ccc:1:1059)
2022-12-20T12:35:50.211Z - warn: [Scene] Can not remove the animation clip being edited in the animation editing modeError: [Scene] Can not remove the animation clip being edited in the animation editing mode
    at AnimationSceneFacade.setNodeProperty (D:\CocosDashboard\resources\.editors\Creator\3.6.0\resources\app.asar\builtin\scene\dist\script\3d\facade\animation-scene-facade.ccc:1:3664)
    at SceneFacadeManager.setNodeProperty (D:\CocosDashboard\resources\.editors\Creator\3.6.0\resources\app.asar\builtin\scene\dist\script\3d\facade\scene-facade-manager.ccc:1:9336)
    at step (D:\CocosDashboard\resources\.editors\Creator\3.6.0\resources\app.asar\builtin\scene\dist\script\3d\manager\ipc\web\ipc.ccc:1:720)
    at D:\CocosDashboard\resources\.editors\Creator\3.6.0\resources\app.asar\builtin\scene\dist\script\3d\manager\ipc\web\ipc.ccc:1:1613
    at new Promise (<anonymous>)
    at D:\CocosDashboard\resources\.editors\Creator\3.6.0\resources\app.asar\builtin\scene\dist\script\3d\manager\ipc\web\ipc.ccc:1:1550
    at EventEmitter.<anonymous> (D:\CocosDashboard\resources\.editors\Creator\3.6.0\resources\app.asar\builtin\scene\dist\script\3d\manager\ipc\web\webview.ccc:1:1059)
2022-12-20T12:35:50.742Z - warn: [Scene] Can not remove the animation clip being edited in the animation editing modeError: [Scene] Can not remove the animation clip being edited in the animation editing mode
    at AnimationSceneFacade.setNodeProperty (D:\CocosDashboard\resources\.editors\Creator\3.6.0\resources\app.asar\builtin\scene\dist\script\3d\facade\animation-scene-facade.ccc:1:3664)
    at SceneFacadeManager.setNodeProperty (D:\CocosDashboard\resources\.editors\Creator\3.6.0\resources\app.asar\builtin\scene\dist\script\3d\facade\scene-facade-manager.ccc:1:9336)
    at step (D:\CocosDashboard\resources\.editors\Creator\3.6.0\resources\app.asar\builtin\scene\dist\script\3d\manager\ipc\web\ipc.ccc:1:720)
    at D:\CocosDashboard\resources\.editors\Creator\3.6.0\resources\app.asar\builtin\scene\dist\script\3d\manager\ipc\web\ipc.ccc:1:1613
    at new Promise (<anonymous>)
    at D:\CocosDashboard\resources\.editors\Creator\3.6.0\resources\app.asar\builtin\scene\dist\script\3d\manager\ipc\web\ipc.ccc:1:1550
    at EventEmitter.<anonymous> (D:\CocosDashboard\resources\.editors\Creator\3.6.0\resources\app.asar\builtin\scene\dist\script\3d\manager\ipc\web\webview.ccc:1:1059)
2022-12-20T12:35:51.414Z - warn: [Scene] Can not remove the animation clip being edited in the animation editing modeError: [Scene] Can not remove the animation clip being edited in the animation editing mode
    at AnimationSceneFacade.setNodeProperty (D:\CocosDashboard\resources\.editors\Creator\3.6.0\resources\app.asar\builtin\scene\dist\script\3d\facade\animation-scene-facade.ccc:1:3664)
    at SceneFacadeManager.setNodeProperty (D:\CocosDashboard\resources\.editors\Creator\3.6.0\resources\app.asar\builtin\scene\dist\script\3d\facade\scene-facade-manager.ccc:1:9336)
    at step (D:\CocosDashboard\resources\.editors\Creator\3.6.0\resources\app.asar\builtin\scene\dist\script\3d\manager\ipc\web\ipc.ccc:1:720)
    at D:\CocosDashboard\resources\.editors\Creator\3.6.0\resources\app.asar\builtin\scene\dist\script\3d\manager\ipc\web\ipc.ccc:1:1613
    at new Promise (<anonymous>)
    at D:\CocosDashboard\resources\.editors\Creator\3.6.0\resources\app.asar\builtin\scene\dist\script\3d\manager\ipc\web\ipc.ccc:1:1550
    at EventEmitter.<anonymous> (D:\CocosDashboard\resources\.editors\Creator\3.6.0\resources\app.asar\builtin\scene\dist\script\3d\manager\ipc\web\webview.ccc:1:1059)
2022-12-20T12:35:51.909Z - warn: [Scene] Can not remove the animation clip being edited in the animation editing modeError: [Scene] Can not remove the animation clip being edited in the animation editing mode
    at AnimationSceneFacade.setNodeProperty (D:\CocosDashboard\resources\.editors\Creator\3.6.0\resources\app.asar\builtin\scene\dist\script\3d\facade\animation-scene-facade.ccc:1:3664)
    at SceneFacadeManager.setNodeProperty (D:\CocosDashboard\resources\.editors\Creator\3.6.0\resources\app.asar\builtin\scene\dist\script\3d\facade\scene-facade-manager.ccc:1:9336)
    at step (D:\CocosDashboard\resources\.editors\Creator\3.6.0\resources\app.asar\builtin\scene\dist\script\3d\manager\ipc\web\ipc.ccc:1:720)
    at D:\CocosDashboard\resources\.editors\Creator\3.6.0\resources\app.asar\builtin\scene\dist\script\3d\manager\ipc\web\ipc.ccc:1:1613
    at new Promise (<anonymous>)
    at D:\CocosDashboard\resources\.editors\Creator\3.6.0\resources\app.asar\builtin\scene\dist\script\3d\manager\ipc\web\ipc.ccc:1:1550
    at EventEmitter.<anonymous> (D:\CocosDashboard\resources\.editors\Creator\3.6.0\resources\app.asar\builtin\scene\dist\script\3d\manager\ipc\web\webview.ccc:1:1059)
2022-12-20T12:35:52.124Z - warn: [Scene] Can not remove the animation clip being edited in the animation editing modeError: [Scene] Can not remove the animation clip being edited in the animation editing mode
    at AnimationSceneFacade.setNodeProperty (D:\CocosDashboard\resources\.editors\Creator\3.6.0\resources\app.asar\builtin\scene\dist\script\3d\facade\animation-scene-facade.ccc:1:3664)
    at SceneFacadeManager.setNodeProperty (D:\CocosDashboard\resources\.editors\Creator\3.6.0\resources\app.asar\builtin\scene\dist\script\3d\facade\scene-facade-manager.ccc:1:9336)
    at step (D:\CocosDashboard\resources\.editors\Creator\3.6.0\resources\app.asar\builtin\scene\dist\script\3d\manager\ipc\web\ipc.ccc:1:720)
    at D:\CocosDashboard\resources\.editors\Creator\3.6.0\resources\app.asar\builtin\scene\dist\script\3d\manager\ipc\web\ipc.ccc:1:1613
    at new Promise (<anonymous>)
    at D:\CocosDashboard\resources\.editors\Creator\3.6.0\resources\app.asar\builtin\scene\dist\script\3d\manager\ipc\web\ipc.ccc:1:1550
    at EventEmitter.<anonymous> (D:\CocosDashboard\resources\.editors\Creator\3.6.0\resources\app.asar\builtin\scene\dist\script\3d\manager\ipc\web\webview.ccc:1:1059)
2022-12-20T12:35:52.291Z - warn: [Scene] Can not remove the animation clip being edited in the animation editing modeError: [Scene] Can not remove the animation clip being edited in the animation editing mode
    at AnimationSceneFacade.setNodeProperty (D:\CocosDashboard\resources\.editors\Creator\3.6.0\resources\app.asar\builtin\scene\dist\script\3d\facade\animation-scene-facade.ccc:1:3664)
    at SceneFacadeManager.setNodeProperty (D:\CocosDashboard\resources\.editors\Creator\3.6.0\resources\app.asar\builtin\scene\dist\script\3d\facade\scene-facade-manager.ccc:1:9336)
    at step (D:\CocosDashboard\resources\.editors\Creator\3.6.0\resources\app.asar\builtin\scene\dist\script\3d\manager\ipc\web\ipc.ccc:1:720)
    at D:\CocosDashboard\resources\.editors\Creator\3.6.0\resources\app.asar\builtin\scene\dist\script\3d\manager\ipc\web\ipc.ccc:1:1613
    at new Promise (<anonymous>)
    at D:\CocosDashboard\resources\.editors\Creator\3.6.0\resources\app.asar\builtin\scene\dist\script\3d\manager\ipc\web\ipc.ccc:1:1550
    at EventEmitter.<anonymous> (D:\CocosDashboard\resources\.editors\Creator\3.6.0\resources\app.asar\builtin\scene\dist\script\3d\manager\ipc\web\webview.ccc:1:1059)
2022-12-20T12:35:52.460Z - warn: [Scene] Can not remove the animation clip being edited in the animation editing modeError: [Scene] Can not remove the animation clip being edited in the animation editing mode
    at AnimationSceneFacade.setNodeProperty (D:\CocosDashboard\resources\.editors\Creator\3.6.0\resources\app.asar\builtin\scene\dist\script\3d\facade\animation-scene-facade.ccc:1:3664)
    at SceneFacadeManager.setNodeProperty (D:\CocosDashboard\resources\.editors\Creator\3.6.0\resources\app.asar\builtin\scene\dist\script\3d\facade\scene-facade-manager.ccc:1:9336)
    at step (D:\CocosDashboard\resources\.editors\Creator\3.6.0\resources\app.asar\builtin\scene\dist\script\3d\manager\ipc\web\ipc.ccc:1:720)
    at D:\CocosDashboard\resources\.editors\Creator\3.6.0\resources\app.asar\builtin\scene\dist\script\3d\manager\ipc\web\ipc.ccc:1:1613
    at new Promise (<anonymous>)
    at D:\CocosDashboard\resources\.editors\Creator\3.6.0\resources\app.asar\builtin\scene\dist\script\3d\manager\ipc\web\ipc.ccc:1:1550
    at EventEmitter.<anonymous> (D:\CocosDashboard\resources\.editors\Creator\3.6.0\resources\app.asar\builtin\scene\dist\script\3d\manager\ipc\web\webview.ccc:1:1059)
2022-12-20T12:35:52.625Z - warn: [Scene] Can not remove the animation clip being edited in the animation editing modeError: [Scene] Can not remove the animation clip being edited in the animation editing mode
    at AnimationSceneFacade.setNodeProperty (D:\CocosDashboard\resources\.editors\Creator\3.6.0\resources\app.asar\builtin\scene\dist\script\3d\facade\animation-scene-facade.ccc:1:3664)
    at SceneFacadeManager.setNodeProperty (D:\CocosDashboard\resources\.editors\Creator\3.6.0\resources\app.asar\builtin\scene\dist\script\3d\facade\scene-facade-manager.ccc:1:9336)
    at step (D:\CocosDashboard\resources\.editors\Creator\3.6.0\resources\app.asar\builtin\scene\dist\script\3d\manager\ipc\web\ipc.ccc:1:720)
    at D:\CocosDashboard\resources\.editors\Creator\3.6.0\resources\app.asar\builtin\scene\dist\script\3d\manager\ipc\web\ipc.ccc:1:1613
    at new Promise (<anonymous>)
    at D:\CocosDashboard\resources\.editors\Creator\3.6.0\resources\app.asar\builtin\scene\dist\script\3d\manager\ipc\web\ipc.ccc:1:1550
    at EventEmitter.<anonymous> (D:\CocosDashboard\resources\.editors\Creator\3.6.0\resources\app.asar\builtin\scene\dist\script\3d\manager\ipc\web\webview.ccc:1:1059)
2022-12-20T13:19:33.110Z - warn: Metrics: no valid info
